<?xml version="1.0" encoding="UTF-8"?>
<testng-results ignored="0" total="10" passed="10" failed="0" skipped="0">
  <reporter-output>
  </reporter-output>
  <suite started-at="2026-03-05T23:14:17 IST" name="Default suite" finished-at="2026-03-05T23:15:08 IST" duration-ms="51059">
    <groups>
      <group name="cucumber">
        <method signature="AbstractTestNGCucumberTests.runScenario(io.cucumber.testng.PickleWrapper,io.cucumber.testng.FeatureWrapper)[pri:0, instance:mission.RunnerTest@7494f96a]" name="runScenario" class="io.cucumber.testng.AbstractTestNGCucumberTests"/>
      </group> <!-- cucumber -->
    </groups>
    <test started-at="2026-03-05T23:14:17 IST" name="Default test" finished-at="2026-03-05T23:15:08 IST" duration-ms="51059">
      <class name="mission.RunnerTest">
        <test-method is-config="true" signature="setUpClass(org.testng.ITestContext)[pri:0, instance:mission.RunnerTest@7494f96a]" started-at="2026-03-05T23:14:17 IST" name="setUpClass" finished-at="2026-03-05T23:14:19 IST" duration-ms="1680" status="PASS">
          <params>
            <param index="0">
              <value>
                <![CDATA[org.testng.TestRunner@6773bab2]]>
              </value>
            </param>
          </params>
          <reporter-output>
          </reporter-output>
        </test-method> <!-- setUpClass -->
        <test-method signature="runScenario(io.cucumber.testng.PickleWrapper,io.cucumber.testng.FeatureWrapper)[pri:0, instance:mission.RunnerTest@7494f96a]" started-at="2026-03-05T23:14:19 IST" name="runScenario" description="Runs Cucumber Scenarios" data-provider="scenarios" finished-at="2026-03-05T23:14:29 IST" duration-ms="10119" status="PASS">
          <params>
            <param index="0">
              <value>
                <![CDATA["Should see LIST USERS of all existing users"]]>
              </value>
            </param>
            <param index="1">
              <value>
                <![CDATA["API test"]]>
              </value>
            </param>
          </params>
          <reporter-output>
          </reporter-output>
        </test-method> <!-- runScenario -->
        <test-method signature="runScenario(io.cucumber.testng.PickleWrapper,io.cucumber.testng.FeatureWrapper)[pri:0, instance:mission.RunnerTest@7494f96a]" started-at="2026-03-05T23:14:29 IST" name="runScenario" description="Runs Cucumber Scenarios" data-provider="scenarios" finished-at="2026-03-05T23:14:34 IST" duration-ms="4689" status="PASS">
          <params>
            <param index="0">
              <value>
                <![CDATA["Should see SINGLE USER data"]]>
              </value>
            </param>
            <param index="1">
              <value>
                <![CDATA["API test"]]>
              </value>
            </param>
          </params>
          <reporter-output>
          </reporter-output>
        </test-method> <!-- runScenario -->
        <test-method signature="runScenario(io.cucumber.testng.PickleWrapper,io.cucumber.testng.FeatureWrapper)[pri:0, instance:mission.RunnerTest@7494f96a]" started-at="2026-03-05T23:14:34 IST" name="runScenario" description="Runs Cucumber Scenarios" data-provider="scenarios" finished-at="2026-03-05T23:14:37 IST" duration-ms="3311" status="PASS">
          <params>
            <param index="0">
              <value>
                <![CDATA["Should see SINGLE USER NOT FOUND error code"]]>
              </value>
            </param>
            <param index="1">
              <value>
                <![CDATA["API test"]]>
              </value>
            </param>
          </params>
          <reporter-output>
          </reporter-output>
        </test-method> <!-- runScenario -->
        <test-method signature="runScenario(io.cucumber.testng.PickleWrapper,io.cucumber.testng.FeatureWrapper)[pri:0, instance:mission.RunnerTest@7494f96a]" started-at="2026-03-05T23:14:37 IST" name="runScenario" description="Runs Cucumber Scenarios" data-provider="scenarios" finished-at="2026-03-05T23:14:41 IST" duration-ms="3741" status="PASS">
          <params>
            <param index="0">
              <value>
                <![CDATA["CREATE a user"]]>
              </value>
            </param>
            <param index="1">
              <value>
                <![CDATA["API test"]]>
              </value>
            </param>
          </params>
          <reporter-output>
          </reporter-output>
        </test-method> <!-- runScenario -->
        <test-method signature="runScenario(io.cucumber.testng.PickleWrapper,io.cucumber.testng.FeatureWrapper)[pri:0, instance:mission.RunnerTest@7494f96a]" started-at="2026-03-05T23:14:41 IST" name="runScenario" description="Runs Cucumber Scenarios" data-provider="scenarios" finished-at="2026-03-05T23:14:45 IST" duration-ms="3836" status="PASS">
          <params>
            <param index="0">
              <value>
                <![CDATA["CREATE a user"]]>
              </value>
            </param>
            <param index="1">
              <value>
                <![CDATA["API test"]]>
              </value>
            </param>
          </params>
          <reporter-output>
          </reporter-output>
        </test-method> <!-- runScenario -->
        <test-method signature="runScenario(io.cucumber.testng.PickleWrapper,io.cucumber.testng.FeatureWrapper)[pri:0, instance:mission.RunnerTest@7494f96a]" started-at="2026-03-05T23:14:45 IST" name="runScenario" description="Runs Cucumber Scenarios" data-provider="scenarios" finished-at="2026-03-05T23:14:48 IST" duration-ms="3208" status="PASS">
          <params>
            <param index="0">
              <value>
                <![CDATA["LOGIN - SUCCESSFUL by a user"]]>
              </value>
            </param>
            <param index="1">
              <value>
                <![CDATA["API test"]]>
              </value>
            </param>
          </params>
          <reporter-output>
          </reporter-output>
        </test-method> <!-- runScenario -->
        <test-method signature="runScenario(io.cucumber.testng.PickleWrapper,io.cucumber.testng.FeatureWrapper)[pri:0, instance:mission.RunnerTest@7494f96a]" started-at="2026-03-05T23:14:48 IST" name="runScenario" description="Runs Cucumber Scenarios" data-provider="scenarios" finished-at="2026-03-05T23:14:52 IST" duration-ms="4278" status="PASS">
          <params>
            <param index="0">
              <value>
                <![CDATA["LOGIN - UNSUCCESSFUL by a user"]]>
              </value>
            </param>
            <param index="1">
              <value>
                <![CDATA["API test"]]>
              </value>
            </param>
          </params>
          <reporter-output>
          </reporter-output>
        </test-method> <!-- runScenario -->
        <test-method signature="runScenario(io.cucumber.testng.PickleWrapper,io.cucumber.testng.FeatureWrapper)[pri:0, instance:mission.RunnerTest@7494f96a]" started-at="2026-03-05T23:14:52 IST" name="runScenario" description="Runs Cucumber Scenarios" data-provider="scenarios" finished-at="2026-03-05T23:14:55 IST" duration-ms="3314" status="PASS">
          <params>
            <param index="0">
              <value>
                <![CDATA["Should see the list of users with DELAYED RESPONSE"]]>
              </value>
            </param>
            <param index="1">
              <value>
                <![CDATA["API test"]]>
              </value>
            </param>
          </params>
          <reporter-output>
          </reporter-output>
        </test-method> <!-- runScenario -->
        <test-method signature="runScenario(io.cucumber.testng.PickleWrapper,io.cucumber.testng.FeatureWrapper)[pri:0, instance:mission.RunnerTest@7494f96a]" started-at="2026-03-05T23:14:55 IST" name="runScenario" description="Runs Cucumber Scenarios" data-provider="scenarios" finished-at="2026-03-05T23:15:01 IST" duration-ms="5932" status="PASS">
          <params>
            <param index="0">
              <value>
                <![CDATA["Sample"]]>
              </value>
            </param>
            <param index="1">
              <value>
                <![CDATA["Sample Test"]]>
              </value>
            </param>
          </params>
          <reporter-output>
          </reporter-output>
        </test-method> <!-- runScenario -->
        <test-method signature="runScenario(io.cucumber.testng.PickleWrapper,io.cucumber.testng.FeatureWrapper)[pri:0, instance:mission.RunnerTest@7494f96a]" started-at="2026-03-05T23:15:01 IST" name="runScenario" description="Runs Cucumber Scenarios" data-provider="scenarios" finished-at="2026-03-05T23:15:08 IST" duration-ms="6766" status="PASS">
          <params>
            <param index="0">
              <value>
                <![CDATA["Check item total cost and tax"]]>
              </value>
            </param>
            <param index="1">
              <value>
                <![CDATA["Checkout items in the basket"]]>
              </value>
            </param>
          </params>
          <reporter-output>
          </reporter-output>
        </test-method> <!-- runScenario -->
        <test-method is-config="true" signature="tearDownClass()[pri:0, instance:mission.RunnerTest@7494f96a]" started-at="2026-03-05T23:15:08 IST" name="tearDownClass" finished-at="2026-03-05T23:15:08 IST" duration-ms="86" status="PASS">
          <reporter-output>
          </reporter-output>
        </test-method> <!-- tearDownClass -->
      </class> <!-- mission.RunnerTest -->
    </test> <!-- Default test -->
  </suite> <!-- Default suite -->
</testng-results>
