<?xml version="1.0" encoding="UTF-8"?>
<!-- Generated by org.testng.reporters.JUnitReportReporter -->
<testsuite hostname="NIBLP2094" failures="0" tests="10" name="mission.RunnerTest" time="49.194" errors="0" timestamp="2026-03-05T23:15:08 IST" skipped="0">
  <testcase classname="mission.RunnerTest" name="runScenario" time="3.311"/>
  <testcase classname="mission.RunnerTest" name="runScenario" time="3.208"/>
  <testcase classname="mission.RunnerTest" name="runScenario" time="5.932"/>
  <testcase classname="mission.RunnerTest" name="runScenario" time="3.314"/>
  <testcase classname="mission.RunnerTest" name="runScenario" time="10.119"/>
  <testcase classname="mission.RunnerTest" name="runScenario" time="4.689"/>
  <testcase classname="mission.RunnerTest" name="runScenario" time="3.741"/>
  <testcase classname="mission.RunnerTest" name="runScenario" time="3.836"/>
  <testcase classname="mission.RunnerTest" name="runScenario" time="6.766"/>
  <testcase classname="mission.RunnerTest" name="runScenario" time="4.278"/>
</testsuite> <!-- mission.RunnerTest -->
